<?xml version="1.0" encoding="UTF-8"?>
<robot generator="Robot 4.0.2 (Python 3.9.4 on win32)" generated="20211110 16:22:34.341" rpa="false" schemaversion="2">
    <suite id="s1" name="Tests" source="C:\Projects\ELearning\Tests">
        <suite id="s1-s1" name="Learning Suite" source="C:\Projects\ELearning\Tests\Learning_Suite.robot">
            <test id="s1-s1-t1" name="Smk001 - Acesso ao site do DuckDuckGo">
                <kw name="Open DuckDuckGo initial Page" library="DuckDuckGoInitialPage">
                    <kw name="Go To" library="SeleniumLibrary">
                        <arg>${URL}</arg>
                        <doc>Navigates the current browser window to the provided ``url``.</doc>
                        <status status="NOT RUN" starttime="20211110 16:22:34.700" endtime="20211110 16:22:34.701"/>
                    </kw>
                    <kw name="Validate DuckDuckGo Initial Page" library="DuckDuckGoInitialPage">
                        <kw name="Title Should Be" library="SeleniumLibrary">
                            <arg>${Page_Title}</arg>
                            <doc>Verifies that the current page title equals ``title``.</doc>
                            <status status="NOT RUN" starttime="20211110 16:22:34.701" endtime="20211110 16:22:34.701"/>
                        </kw>
                        <status status="PASS" starttime="20211110 16:22:34.701" endtime="20211110 16:22:34.701"/>
                    </kw>
                    <status status="PASS" starttime="20211110 16:22:34.700" endtime="20211110 16:22:34.701"/>
                </kw>
                <doc>Teste de validação de aceeso ao site</doc>
                <tag>Demo</tag>
                <tag>Sch1230</tag>
                <tag>Smoke</tag>
                <tag>TC:113</tag>
                <tag>US:108</tag>
                <status status="PASS" starttime="20211110 16:22:34.699" endtime="20211110 16:22:34.701"/>
            </test>
            <test id="s1-s1-t2" name="Smk002 - Test to fail">
                <kw name="Open DuckDuckGo initial Page" library="DuckDuckGoInitialPage">
                    <kw name="Go To" library="SeleniumLibrary">
                        <arg>${URL}</arg>
                        <doc>Navigates the current browser window to the provided ``url``.</doc>
                        <status status="NOT RUN" starttime="20211110 16:22:34.703" endtime="20211110 16:22:34.703"/>
                    </kw>
                    <kw name="Validate DuckDuckGo Initial Page" library="DuckDuckGoInitialPage">
                        <kw name="Title Should Be" library="SeleniumLibrary">
                            <arg>${Page_Title}</arg>
                            <doc>Verifies that the current page title equals ``title``.</doc>
                            <status status="NOT RUN" starttime="20211110 16:22:34.704" endtime="20211110 16:22:34.704"/>
                        </kw>
                        <status status="PASS" starttime="20211110 16:22:34.704" endtime="20211110 16:22:34.704"/>
                    </kw>
                    <status status="PASS" starttime="20211110 16:22:34.703" endtime="20211110 16:22:34.704"/>
                </kw>
                <kw name="Validate BI4All is present in Results" library="DuckDuckGoInitialPage"
                    sourcename="Validate ${Text_to Check} is present in Results">
                    <kw name="Page Should Contain" library="SeleniumLibrary">
                        <arg>${Text_to Check}</arg>
                        <doc>Verifies that current page contains ``text``.</doc>
                        <status status="NOT RUN" starttime="20211110 16:22:34.705" endtime="20211110 16:22:34.705"/>
                    </kw>
                    <kw name="Capture Page Screenshot" library="SeleniumLibrary">
                        <arg>EMBED</arg>
                        <doc>Takes a screenshot of the current page and embeds it into a log file.</doc>
                        <status status="NOT RUN" starttime="20211110 16:22:34.705" endtime="20211110 16:22:34.705"/>
                    </kw>
                    <status status="PASS" starttime="20211110 16:22:34.704" endtime="20211110 16:22:34.705"/>
                </kw>
                <doc>Teste com falha</doc>
                <tag>Demo</tag>
                <tag>Sch1245</tag>
                <tag>Smoke</tag>
                <tag>TC:114</tag>
                <tag>US:108</tag>
                <status status="PASS" starttime="20211110 16:22:34.703" endtime="20211110 16:22:34.705"/>
            </test>
            <doc>Validacao da User Story 103.
                Description:
                Melhoramento da ferramenta de posicionamento nos sites
                de pesquisa.
                Acceptance Criteria:
                Site deve aparecer na primeira página da lista de procura.
            </doc>
            <status status="PASS" starttime="20211110 16:22:34.369" endtime="20211110 16:22:34.747"/>
        </suite>
        <status status="PASS" starttime="20211110 16:22:34.343" endtime="20211110 16:22:34.749"/>
    </suite>
    <statistics>
        <total>
            <stat pass="10" fail="0" skip="0">All Tests</stat>
        </total>
        <tag>
            <stat pass="8" fail="0" skip="0">Demo</stat>
            <stat pass="2" fail="0" skip="0">ignore</stat>
            <stat pass="4" fail="0" skip="0">Regression</stat>
            <stat pass="1" fail="0" skip="0">Sch1230</stat>
            <stat pass="1" fail="0" skip="0">Sch1245</stat>
            <stat pass="2" fail="0" skip="0">Sch1410</stat>
            <stat pass="4" fail="0" skip="0">Smoke</stat>
            <stat pass="2" fail="0" skip="0">Sprint0001</stat>
            <stat pass="1" fail="0" skip="0">TC:113</stat>
            <stat pass="1" fail="0" skip="0">TC:114</stat>
            <stat pass="1" fail="0" skip="0">TC:115</stat>
            <stat pass="1" fail="0" skip="0">TC:116</stat>
            <stat pass="1" fail="0" skip="0">TC:117</stat>
            <stat pass="1" fail="0" skip="0">TC:118</stat>
            <stat pass="1" fail="0" skip="0">TC:119</stat>
            <stat pass="1" fail="0" skip="0">TC:120</stat>
            <stat pass="1" fail="0" skip="0">TC:121</stat>
            <stat pass="1" fail="0" skip="0">TC:122</stat>
            <stat pass="10" fail="0" skip="0">US:108</stat>
        </tag>
        <suite>
            <stat pass="10" fail="0" skip="0" id="s1" name="Tests">Tests</stat>
            <stat pass="10" fail="0" skip="0" id="s1-s1" name="Learning Suite">Tests.Learning Suite</stat>
        </suite>
    </statistics>
    <errors>
    </errors>
</robot>
